<?xml version="1.0" encoding="UTF-8"?>
<testsuite xmlns:xsi="http://www.w3.org/2001/XMLSchema-instance" xsi:noNamespaceSchemaLocation="https://maven.apache.org/surefire/maven-surefire-plugin/xsd/surefire-test-report.xsd" name="com.vincent.im.TestIMReceiveMsg" time="0.003" tests="0" errors="0" skipped="0" failures="0">
  <properties>
    <property name="sun.desktop" value="windows"/>
    <property name="awt.toolkit" value="sun.awt.windows.WToolkit"/>
    <property name="java.specification.version" value="11"/>
    <property name="sun.cpu.isalist" value="amd64"/>
    <property name="sun.jnu.encoding" value="GBK"/>
    <property name="java.class.path" value="D:\project\java_workspace\im\target\test-classes;D:\project\java_workspace\im\target\classes;D:\develop\localRepository\junit\junit\3.8.1\junit-3.8.1.jar;D:\develop\localRepository\mysql\mysql-connector-java\8.0.11\mysql-connector-java-8.0.11.jar;D:\develop\localRepository\com\google\protobuf\protobuf-java\2.6.0\protobuf-java-2.6.0.jar;D:\develop\localRepository\org\mybatis\spring\boot\mybatis-spring-boot-starter\1.3.2\mybatis-spring-boot-starter-1.3.2.jar;D:\develop\localRepository\org\springframework\boot\spring-boot-starter\2.0.1.RELEASE\spring-boot-starter-2.0.1.RELEASE.jar;D:\develop\localRepository\org\springframework\boot\spring-boot-starter-logging\2.0.1.RELEASE\spring-boot-starter-logging-2.0.1.RELEASE.jar;D:\develop\localRepository\ch\qos\logback\logback-classic\1.2.3\logback-classic-1.2.3.jar;D:\develop\localRepository\ch\qos\logback\logback-core\1.2.3\logback-core-1.2.3.jar;D:\develop\localRepository\org\apache\logging\log4j\log4j-to-slf4j\2.10.0\log4j-to-slf4j-2.10.0.jar;D:\develop\localRepository\org\apache\logging\log4j\log4j-api\2.10.0\log4j-api-2.10.0.jar;D:\develop\localRepository\org\slf4j\jul-to-slf4j\1.7.25\jul-to-slf4j-1.7.25.jar;D:\develop\localRepository\javax\annotation\javax.annotation-api\1.3.2\javax.annotation-api-1.3.2.jar;D:\develop\localRepository\org\yaml\snakeyaml\1.19\snakeyaml-1.19.jar;D:\develop\localRepository\org\springframework\boot\spring-boot-starter-jdbc\2.0.1.RELEASE\spring-boot-starter-jdbc-2.0.1.RELEASE.jar;D:\develop\localRepository\com\zaxxer\HikariCP\2.7.8\HikariCP-2.7.8.jar;D:\develop\localRepository\org\springframework\spring-jdbc\5.0.5.RELEASE\spring-jdbc-5.0.5.RELEASE.jar;D:\develop\localRepository\org\springframework\spring-tx\5.0.5.RELEASE\spring-tx-5.0.5.RELEASE.jar;D:\develop\localRepository\org\mybatis\spring\boot\mybatis-spring-boot-autoconfigure\1.3.2\mybatis-spring-boot-autoconfigure-1.3.2.jar;D:\develop\localRepository\org\mybatis\mybatis\3.4.6\mybatis-3.4.6.jar;D:\develop\localRepository\org\mybatis\mybatis-spring\1.3.2\mybatis-spring-1.3.2.jar;D:\develop\localRepository\org\springframework\boot\spring-boot-starter-aop\2.0.1.RELEASE\spring-boot-starter-aop-2.0.1.RELEASE.jar;D:\develop\localRepository\org\springframework\spring-aop\5.0.5.RELEASE\spring-aop-5.0.5.RELEASE.jar;D:\develop\localRepository\org\springframework\spring-beans\5.0.5.RELEASE\spring-beans-5.0.5.RELEASE.jar;D:\develop\localRepository\org\aspectj\aspectjweaver\1.8.13\aspectjweaver-1.8.13.jar;D:\develop\localRepository\org\springframework\boot\spring-boot-starter-web\2.0.1.RELEASE\spring-boot-starter-web-2.0.1.RELEASE.jar;D:\develop\localRepository\org\springframework\boot\spring-boot-starter-json\2.0.1.RELEASE\spring-boot-starter-json-2.0.1.RELEASE.jar;D:\develop\localRepository\com\fasterxml\jackson\datatype\jackson-datatype-jdk8\2.9.5\jackson-datatype-jdk8-2.9.5.jar;D:\develop\localRepository\com\fasterxml\jackson\datatype\jackson-datatype-jsr310\2.9.5\jackson-datatype-jsr310-2.9.5.jar;D:\develop\localRepository\com\fasterxml\jackson\module\jackson-module-parameter-names\2.9.5\jackson-module-parameter-names-2.9.5.jar;D:\develop\localRepository\org\springframework\boot\spring-boot-starter-tomcat\2.0.1.RELEASE\spring-boot-starter-tomcat-2.0.1.RELEASE.jar;D:\develop\localRepository\org\apache\tomcat\embed\tomcat-embed-core\8.5.29\tomcat-embed-core-8.5.29.jar;D:\develop\localRepository\org\apache\tomcat\embed\tomcat-embed-websocket\8.5.29\tomcat-embed-websocket-8.5.29.jar;D:\develop\localRepository\org\hibernate\validator\hibernate-validator\6.0.9.Final\hibernate-validator-6.0.9.Final.jar;D:\develop\localRepository\javax\validation\validation-api\2.0.1.Final\validation-api-2.0.1.Final.jar;D:\develop\localRepository\org\jboss\logging\jboss-logging\3.3.2.Final\jboss-logging-3.3.2.Final.jar;D:\develop\localRepository\org\springframework\spring-web\5.0.5.RELEASE\spring-web-5.0.5.RELEASE.jar;D:\develop\localRepository\org\springframework\spring-webmvc\5.0.5.RELEASE\spring-webmvc-5.0.5.RELEASE.jar;D:\develop\localRepository\org\springframework\spring-expression\5.0.5.RELEASE\spring-expression-5.0.5.RELEASE.jar;D:\develop\localRepository\org\springframework\boot\spring-boot-starter-cache\2.0.1.RELEASE\spring-boot-starter-cache-2.0.1.RELEASE.jar;D:\develop\localRepository\org\springframework\spring-context\5.0.5.RELEASE\spring-context-5.0.5.RELEASE.jar;D:\develop\localRepository\org\springframework\spring-context-support\5.0.5.RELEASE\spring-context-support-5.0.5.RELEASE.jar;D:\develop\localRepository\org\springframework\boot\spring-boot-starter-validation\2.0.1.RELEASE\spring-boot-starter-validation-2.0.1.RELEASE.jar;D:\develop\localRepository\org\apache\tomcat\embed\tomcat-embed-el\8.5.29\tomcat-embed-el-8.5.29.jar;D:\develop\localRepository\org\springframework\boot\spring-boot-starter-test\2.0.1.RELEASE\spring-boot-starter-test-2.0.1.RELEASE.jar;D:\develop\localRepository\org\springframework\boot\spring-boot-test\2.0.1.RELEASE\spring-boot-test-2.0.1.RELEASE.jar;D:\develop\localRepository\org\springframework\boot\spring-boot-test-autoconfigure\2.0.1.RELEASE\spring-boot-test-autoconfigure-2.0.1.RELEASE.jar;D:\develop\localRepository\com\jayway\jsonpath\json-path\2.4.0\json-path-2.4.0.jar;D:\develop\localRepository\net\minidev\json-smart\2.3\json-smart-2.3.jar;D:\develop\localRepository\net\minidev\accessors-smart\1.2\accessors-smart-1.2.jar;D:\develop\localRepository\org\ow2\asm\asm\5.0.4\asm-5.0.4.jar;D:\develop\localRepository\org\assertj\assertj-core\3.9.1\assertj-core-3.9.1.jar;D:\develop\localRepository\org\mockito\mockito-core\2.15.0\mockito-core-2.15.0.jar;D:\develop\localRepository\net\bytebuddy\byte-buddy\1.7.11\byte-buddy-1.7.11.jar;D:\develop\localRepository\net\bytebuddy\byte-buddy-agent\1.7.11\byte-buddy-agent-1.7.11.jar;D:\develop\localRepository\org\objenesis\objenesis\2.6\objenesis-2.6.jar;D:\develop\localRepository\org\hamcrest\hamcrest-core\1.3\hamcrest-core-1.3.jar;D:\develop\localRepository\org\hamcrest\hamcrest-library\1.3\hamcrest-library-1.3.jar;D:\develop\localRepository\org\skyscreamer\jsonassert\1.5.0\jsonassert-1.5.0.jar;D:\develop\localRepository\com\vaadin\external\google\android-json\0.0.20131108.vaadin1\android-json-0.0.20131108.vaadin1.jar;D:\develop\localRepository\org\springframework\spring-core\5.0.5.RELEASE\spring-core-5.0.5.RELEASE.jar;D:\develop\localRepository\org\springframework\spring-jcl\5.0.5.RELEASE\spring-jcl-5.0.5.RELEASE.jar;D:\develop\localRepository\org\springframework\spring-test\5.0.5.RELEASE\spring-test-5.0.5.RELEASE.jar;D:\develop\localRepository\org\xmlunit\xmlunit-core\2.5.1\xmlunit-core-2.5.1.jar;D:\develop\localRepository\org\springframework\boot\spring-boot-devtools\2.0.1.RELEASE\spring-boot-devtools-2.0.1.RELEASE.jar;D:\develop\localRepository\org\springframework\boot\spring-boot\2.0.1.RELEASE\spring-boot-2.0.1.RELEASE.jar;D:\develop\localRepository\org\springframework\boot\spring-boot-autoconfigure\2.0.1.RELEASE\spring-boot-autoconfigure-2.0.1.RELEASE.jar;D:\develop\localRepository\org\apache\shiro\shiro-core\1.4.0\shiro-core-1.4.0.jar;D:\develop\localRepository\org\apache\shiro\shiro-lang\1.4.0\shiro-lang-1.4.0.jar;D:\develop\localRepository\org\apache\shiro\shiro-cache\1.4.0\shiro-cache-1.4.0.jar;D:\develop\localRepository\org\apache\shiro\shiro-crypto-hash\1.4.0\shiro-crypto-hash-1.4.0.jar;D:\develop\localRepository\org\apache\shiro\shiro-crypto-core\1.4.0\shiro-crypto-core-1.4.0.jar;D:\develop\localRepository\org\apache\shiro\shiro-crypto-cipher\1.4.0\shiro-crypto-cipher-1.4.0.jar;D:\develop\localRepository\org\apache\shiro\shiro-config-core\1.4.0\shiro-config-core-1.4.0.jar;D:\develop\localRepository\org\apache\shiro\shiro-config-ogdl\1.4.0\shiro-config-ogdl-1.4.0.jar;D:\develop\localRepository\commons-beanutils\commons-beanutils\1.9.3\commons-beanutils-1.9.3.jar;D:\develop\localRepository\commons-collections\commons-collections\3.2.2\commons-collections-3.2.2.jar;D:\develop\localRepository\org\apache\shiro\shiro-event\1.4.0\shiro-event-1.4.0.jar;D:\develop\localRepository\org\apache\shiro\shiro-spring\1.4.0\shiro-spring-1.4.0.jar;D:\develop\localRepository\org\apache\shiro\shiro-web\1.4.0\shiro-web-1.4.0.jar;D:\develop\localRepository\org\apache\shiro\shiro-ehcache\1.4.0\shiro-ehcache-1.4.0.jar;D:\develop\localRepository\net\sf\ehcache\ehcache-core\2.6.11\ehcache-core-2.6.11.jar;D:\develop\localRepository\org\ehcache\ehcache\3.3.1\ehcache-3.3.1.jar;D:\develop\localRepository\org\slf4j\slf4j-api\1.7.25\slf4j-api-1.7.25.jar;D:\develop\localRepository\com\github\penggle\kaptcha\2.3.2\kaptcha-2.3.2.jar;D:\develop\localRepository\javax\servlet\javax.servlet-api\3.1.0\javax.servlet-api-3.1.0.jar;D:\develop\localRepository\com\jhlabs\filters\2.0.235-1\filters-2.0.235-1.jar;D:\develop\localRepository\com\ibeetl\beetl\2.9.3\beetl-2.9.3.jar;D:\develop\localRepository\org\antlr\antlr4-runtime\4.2\antlr4-runtime-4.2.jar;D:\develop\localRepository\org\abego\treelayout\org.abego.treelayout.core\1.0.1\org.abego.treelayout.core-1.0.1.jar;D:\develop\localRepository\org\antlr\antlr4-annotations\4.2\antlr4-annotations-4.2.jar;D:\develop\localRepository\io\springfox\springfox-swagger2\2.9.2\springfox-swagger2-2.9.2.jar;D:\develop\localRepository\io\swagger\swagger-annotations\1.5.20\swagger-annotations-1.5.20.jar;D:\develop\localRepository\io\swagger\swagger-models\1.5.20\swagger-models-1.5.20.jar;D:\develop\localRepository\com\fasterxml\jackson\core\jackson-annotations\2.9.0\jackson-annotations-2.9.0.jar;D:\develop\localRepository\io\springfox\springfox-spi\2.9.2\springfox-spi-2.9.2.jar;D:\develop\localRepository\io\springfox\springfox-core\2.9.2\springfox-core-2.9.2.jar;D:\develop\localRepository\io\springfox\springfox-schema\2.9.2\springfox-schema-2.9.2.jar;D:\develop\localRepository\io\springfox\springfox-swagger-common\2.9.2\springfox-swagger-common-2.9.2.jar;D:\develop\localRepository\io\springfox\springfox-spring-web\2.9.2\springfox-spring-web-2.9.2.jar;D:\develop\localRepository\com\google\guava\guava\20.0\guava-20.0.jar;D:\develop\localRepository\com\fasterxml\classmate\1.3.4\classmate-1.3.4.jar;D:\develop\localRepository\org\springframework\plugin\spring-plugin-core\1.2.0.RELEASE\spring-plugin-core-1.2.0.RELEASE.jar;D:\develop\localRepository\org\springframework\plugin\spring-plugin-metadata\1.2.0.RELEASE\spring-plugin-metadata-1.2.0.RELEASE.jar;D:\develop\localRepository\org\mapstruct\mapstruct\1.2.0.Final\mapstruct-1.2.0.Final.jar;D:\develop\localRepository\io\springfox\springfox-swagger-ui\2.9.2\springfox-swagger-ui-2.9.2.jar;D:\develop\localRepository\io\jsonwebtoken\jjwt\0.9.0\jjwt-0.9.0.jar;D:\develop\localRepository\com\fasterxml\jackson\core\jackson-databind\2.9.5\jackson-databind-2.9.5.jar;D:\develop\localRepository\com\fasterxml\jackson\core\jackson-core\2.9.5\jackson-core-2.9.5.jar;D:\develop\localRepository\com\alibaba\fastjson\1.2.54\fastjson-1.2.54.jar;"/>
    <property name="java.vm.vendor" value="Oracle Corporation"/>
    <property name="sun.arch.data.model" value="64"/>
    <property name="user.variant" value=""/>
    <property name="java.vendor.url" value="http://java.oracle.com/"/>
    <property name="user.timezone" value=""/>
    <property name="java.vm.specification.version" value="11"/>
    <property name="os.name" value="Windows 10"/>
    <property name="sun.java.launcher" value="SUN_STANDARD"/>
    <property name="user.country" value="CN"/>
    <property name="sun.boot.library.path" value="D:\develop\jdk-11.0.1\bin"/>
    <property name="sun.java.command" value="C:\Users\ADMINI~1\AppData\Local\Temp\surefire2273598091725693574\surefirebooter7025012764022222987.jar C:\Users\Administrator\AppData\Local\Temp\surefire2273598091725693574 2018-12-22T20-11-30_421-jvmRun1 surefire7785370090839681624tmp surefire_02228353725600806636tmp"/>
    <property name="jdk.debug" value="release"/>
    <property name="surefire.test.class.path" value="D:\project\java_workspace\im\target\test-classes;D:\project\java_workspace\im\target\classes;D:\develop\localRepository\junit\junit\3.8.1\junit-3.8.1.jar;D:\develop\localRepository\mysql\mysql-connector-java\8.0.11\mysql-connector-java-8.0.11.jar;D:\develop\localRepository\com\google\protobuf\protobuf-java\2.6.0\protobuf-java-2.6.0.jar;D:\develop\localRepository\org\mybatis\spring\boot\mybatis-spring-boot-starter\1.3.2\mybatis-spring-boot-starter-1.3.2.jar;D:\develop\localRepository\org\springframework\boot\spring-boot-starter\2.0.1.RELEASE\spring-boot-starter-2.0.1.RELEASE.jar;D:\develop\localRepository\org\springframework\boot\spring-boot-starter-logging\2.0.1.RELEASE\spring-boot-starter-logging-2.0.1.RELEASE.jar;D:\develop\localRepository\ch\qos\logback\logback-classic\1.2.3\logback-classic-1.2.3.jar;D:\develop\localRepository\ch\qos\logback\logback-core\1.2.3\logback-core-1.2.3.jar;D:\develop\localRepository\org\apache\logging\log4j\log4j-to-slf4j\2.10.0\log4j-to-slf4j-2.10.0.jar;D:\develop\localRepository\org\apache\logging\log4j\log4j-api\2.10.0\log4j-api-2.10.0.jar;D:\develop\localRepository\org\slf4j\jul-to-slf4j\1.7.25\jul-to-slf4j-1.7.25.jar;D:\develop\localRepository\javax\annotation\javax.annotation-api\1.3.2\javax.annotation-api-1.3.2.jar;D:\develop\localRepository\org\yaml\snakeyaml\1.19\snakeyaml-1.19.jar;D:\develop\localRepository\org\springframework\boot\spring-boot-starter-jdbc\2.0.1.RELEASE\spring-boot-starter-jdbc-2.0.1.RELEASE.jar;D:\develop\localRepository\com\zaxxer\HikariCP\2.7.8\HikariCP-2.7.8.jar;D:\develop\localRepository\org\springframework\spring-jdbc\5.0.5.RELEASE\spring-jdbc-5.0.5.RELEASE.jar;D:\develop\localRepository\org\springframework\spring-tx\5.0.5.RELEASE\spring-tx-5.0.5.RELEASE.jar;D:\develop\localRepository\org\mybatis\spring\boot\mybatis-spring-boot-autoconfigure\1.3.2\mybatis-spring-boot-autoconfigure-1.3.2.jar;D:\develop\localRepository\org\mybatis\mybatis\3.4.6\mybatis-3.4.6.jar;D:\develop\localRepository\org\mybatis\mybatis-spring\1.3.2\mybatis-spring-1.3.2.jar;D:\develop\localRepository\org\springframework\boot\spring-boot-starter-aop\2.0.1.RELEASE\spring-boot-starter-aop-2.0.1.RELEASE.jar;D:\develop\localRepository\org\springframework\spring-aop\5.0.5.RELEASE\spring-aop-5.0.5.RELEASE.jar;D:\develop\localRepository\org\springframework\spring-beans\5.0.5.RELEASE\spring-beans-5.0.5.RELEASE.jar;D:\develop\localRepository\org\aspectj\aspectjweaver\1.8.13\aspectjweaver-1.8.13.jar;D:\develop\localRepository\org\springframework\boot\spring-boot-starter-web\2.0.1.RELEASE\spring-boot-starter-web-2.0.1.RELEASE.jar;D:\develop\localRepository\org\springframework\boot\spring-boot-starter-json\2.0.1.RELEASE\spring-boot-starter-json-2.0.1.RELEASE.jar;D:\develop\localRepository\com\fasterxml\jackson\datatype\jackson-datatype-jdk8\2.9.5\jackson-datatype-jdk8-2.9.5.jar;D:\develop\localRepository\com\fasterxml\jackson\datatype\jackson-datatype-jsr310\2.9.5\jackson-datatype-jsr310-2.9.5.jar;D:\develop\localRepository\com\fasterxml\jackson\module\jackson-module-parameter-names\2.9.5\jackson-module-parameter-names-2.9.5.jar;D:\develop\localRepository\org\springframework\boot\spring-boot-starter-tomcat\2.0.1.RELEASE\spring-boot-starter-tomcat-2.0.1.RELEASE.jar;D:\develop\localRepository\org\apache\tomcat\embed\tomcat-embed-core\8.5.29\tomcat-embed-core-8.5.29.jar;D:\develop\localRepository\org\apache\tomcat\embed\tomcat-embed-websocket\8.5.29\tomcat-embed-websocket-8.5.29.jar;D:\develop\localRepository\org\hibernate\validator\hibernate-validator\6.0.9.Final\hibernate-validator-6.0.9.Final.jar;D:\develop\localRepository\javax\validation\validation-api\2.0.1.Final\validation-api-2.0.1.Final.jar;D:\develop\localRepository\org\jboss\logging\jboss-logging\3.3.2.Final\jboss-logging-3.3.2.Final.jar;D:\develop\localRepository\org\springframework\spring-web\5.0.5.RELEASE\spring-web-5.0.5.RELEASE.jar;D:\develop\localRepository\org\springframework\spring-webmvc\5.0.5.RELEASE\spring-webmvc-5.0.5.RELEASE.jar;D:\develop\localRepository\org\springframework\spring-expression\5.0.5.RELEASE\spring-expression-5.0.5.RELEASE.jar;D:\develop\localRepository\org\springframework\boot\spring-boot-starter-cache\2.0.1.RELEASE\spring-boot-starter-cache-2.0.1.RELEASE.jar;D:\develop\localRepository\org\springframework\spring-context\5.0.5.RELEASE\spring-context-5.0.5.RELEASE.jar;D:\develop\localRepository\org\springframework\spring-context-support\5.0.5.RELEASE\spring-context-support-5.0.5.RELEASE.jar;D:\develop\localRepository\org\springframework\boot\spring-boot-starter-validation\2.0.1.RELEASE\spring-boot-starter-validation-2.0.1.RELEASE.jar;D:\develop\localRepository\org\apache\tomcat\embed\tomcat-embed-el\8.5.29\tomcat-embed-el-8.5.29.jar;D:\develop\localRepository\org\springframework\boot\spring-boot-starter-test\2.0.1.RELEASE\spring-boot-starter-test-2.0.1.RELEASE.jar;D:\develop\localRepository\org\springframework\boot\spring-boot-test\2.0.1.RELEASE\spring-boot-test-2.0.1.RELEASE.jar;D:\develop\localRepository\org\springframework\boot\spring-boot-test-autoconfigure\2.0.1.RELEASE\spring-boot-test-autoconfigure-2.0.1.RELEASE.jar;D:\develop\localRepository\com\jayway\jsonpath\json-path\2.4.0\json-path-2.4.0.jar;D:\develop\localRepository\net\minidev\json-smart\2.3\json-smart-2.3.jar;D:\develop\localRepository\net\minidev\accessors-smart\1.2\accessors-smart-1.2.jar;D:\develop\localRepository\org\ow2\asm\asm\5.0.4\asm-5.0.4.jar;D:\develop\localRepository\org\assertj\assertj-core\3.9.1\assertj-core-3.9.1.jar;D:\develop\localRepository\org\mockito\mockito-core\2.15.0\mockito-core-2.15.0.jar;D:\develop\localRepository\net\bytebuddy\byte-buddy\1.7.11\byte-buddy-1.7.11.jar;D:\develop\localRepository\net\bytebuddy\byte-buddy-agent\1.7.11\byte-buddy-agent-1.7.11.jar;D:\develop\localRepository\org\objenesis\objenesis\2.6\objenesis-2.6.jar;D:\develop\localRepository\org\hamcrest\hamcrest-core\1.3\hamcrest-core-1.3.jar;D:\develop\localRepository\org\hamcrest\hamcrest-library\1.3\hamcrest-library-1.3.jar;D:\develop\localRepository\org\skyscreamer\jsonassert\1.5.0\jsonassert-1.5.0.jar;D:\develop\localRepository\com\vaadin\external\google\android-json\0.0.20131108.vaadin1\android-json-0.0.20131108.vaadin1.jar;D:\develop\localRepository\org\springframework\spring-core\5.0.5.RELEASE\spring-core-5.0.5.RELEASE.jar;D:\develop\localRepository\org\springframework\spring-jcl\5.0.5.RELEASE\spring-jcl-5.0.5.RELEASE.jar;D:\develop\localRepository\org\springframework\spring-test\5.0.5.RELEASE\spring-test-5.0.5.RELEASE.jar;D:\develop\localRepository\org\xmlunit\xmlunit-core\2.5.1\xmlunit-core-2.5.1.jar;D:\develop\localRepository\org\springframework\boot\spring-boot-devtools\2.0.1.RELEASE\spring-boot-devtools-2.0.1.RELEASE.jar;D:\develop\localRepository\org\springframework\boot\spring-boot\2.0.1.RELEASE\spring-boot-2.0.1.RELEASE.jar;D:\develop\localRepository\org\springframework\boot\spring-boot-autoconfigure\2.0.1.RELEASE\spring-boot-autoconfigure-2.0.1.RELEASE.jar;D:\develop\localRepository\org\apache\shiro\shiro-core\1.4.0\shiro-core-1.4.0.jar;D:\develop\localRepository\org\apache\shiro\shiro-lang\1.4.0\shiro-lang-1.4.0.jar;D:\develop\localRepository\org\apache\shiro\shiro-cache\1.4.0\shiro-cache-1.4.0.jar;D:\develop\localRepository\org\apache\shiro\shiro-crypto-hash\1.4.0\shiro-crypto-hash-1.4.0.jar;D:\develop\localRepository\org\apache\shiro\shiro-crypto-core\1.4.0\shiro-crypto-core-1.4.0.jar;D:\develop\localRepository\org\apache\shiro\shiro-crypto-cipher\1.4.0\shiro-crypto-cipher-1.4.0.jar;D:\develop\localRepository\org\apache\shiro\shiro-config-core\1.4.0\shiro-config-core-1.4.0.jar;D:\develop\localRepository\org\apache\shiro\shiro-config-ogdl\1.4.0\shiro-config-ogdl-1.4.0.jar;D:\develop\localRepository\commons-beanutils\commons-beanutils\1.9.3\commons-beanutils-1.9.3.jar;D:\develop\localRepository\commons-collections\commons-collections\3.2.2\commons-collections-3.2.2.jar;D:\develop\localRepository\org\apache\shiro\shiro-event\1.4.0\shiro-event-1.4.0.jar;D:\develop\localRepository\org\apache\shiro\shiro-spring\1.4.0\shiro-spring-1.4.0.jar;D:\develop\localRepository\org\apache\shiro\shiro-web\1.4.0\shiro-web-1.4.0.jar;D:\develop\localRepository\org\apache\shiro\shiro-ehcache\1.4.0\shiro-ehcache-1.4.0.jar;D:\develop\localRepository\net\sf\ehcache\ehcache-core\2.6.11\ehcache-core-2.6.11.jar;D:\develop\localRepository\org\ehcache\ehcache\3.3.1\ehcache-3.3.1.jar;D:\develop\localRepository\org\slf4j\slf4j-api\1.7.25\slf4j-api-1.7.25.jar;D:\develop\localRepository\com\github\penggle\kaptcha\2.3.2\kaptcha-2.3.2.jar;D:\develop\localRepository\javax\servlet\javax.servlet-api\3.1.0\javax.servlet-api-3.1.0.jar;D:\develop\localRepository\com\jhlabs\filters\2.0.235-1\filters-2.0.235-1.jar;D:\develop\localRepository\com\ibeetl\beetl\2.9.3\beetl-2.9.3.jar;D:\develop\localRepository\org\antlr\antlr4-runtime\4.2\antlr4-runtime-4.2.jar;D:\develop\localRepository\org\abego\treelayout\org.abego.treelayout.core\1.0.1\org.abego.treelayout.core-1.0.1.jar;D:\develop\localRepository\org\antlr\antlr4-annotations\4.2\antlr4-annotations-4.2.jar;D:\develop\localRepository\io\springfox\springfox-swagger2\2.9.2\springfox-swagger2-2.9.2.jar;D:\develop\localRepository\io\swagger\swagger-annotations\1.5.20\swagger-annotations-1.5.20.jar;D:\develop\localRepository\io\swagger\swagger-models\1.5.20\swagger-models-1.5.20.jar;D:\develop\localRepository\com\fasterxml\jackson\core\jackson-annotations\2.9.0\jackson-annotations-2.9.0.jar;D:\develop\localRepository\io\springfox\springfox-spi\2.9.2\springfox-spi-2.9.2.jar;D:\develop\localRepository\io\springfox\springfox-core\2.9.2\springfox-core-2.9.2.jar;D:\develop\localRepository\io\springfox\springfox-schema\2.9.2\springfox-schema-2.9.2.jar;D:\develop\localRepository\io\springfox\springfox-swagger-common\2.9.2\springfox-swagger-common-2.9.2.jar;D:\develop\localRepository\io\springfox\springfox-spring-web\2.9.2\springfox-spring-web-2.9.2.jar;D:\develop\localRepository\com\google\guava\guava\20.0\guava-20.0.jar;D:\develop\localRepository\com\fasterxml\classmate\1.3.4\classmate-1.3.4.jar;D:\develop\localRepository\org\springframework\plugin\spring-plugin-core\1.2.0.RELEASE\spring-plugin-core-1.2.0.RELEASE.jar;D:\develop\localRepository\org\springframework\plugin\spring-plugin-metadata\1.2.0.RELEASE\spring-plugin-metadata-1.2.0.RELEASE.jar;D:\develop\localRepository\org\mapstruct\mapstruct\1.2.0.Final\mapstruct-1.2.0.Final.jar;D:\develop\localRepository\io\springfox\springfox-swagger-ui\2.9.2\springfox-swagger-ui-2.9.2.jar;D:\develop\localRepository\io\jsonwebtoken\jjwt\0.9.0\jjwt-0.9.0.jar;D:\develop\localRepository\com\fasterxml\jackson\core\jackson-databind\2.9.5\jackson-databind-2.9.5.jar;D:\develop\localRepository\com\fasterxml\jackson\core\jackson-core\2.9.5\jackson-core-2.9.5.jar;D:\develop\localRepository\com\alibaba\fastjson\1.2.54\fastjson-1.2.54.jar;"/>
    <property name="sun.cpu.endian" value="little"/>
    <property name="user.home" value="C:\Users\Administrator"/>
    <property name="user.language" value="zh"/>
    <property name="java.specification.vendor" value="Oracle Corporation"/>
    <property name="java.version.date" value="2018-10-16"/>
    <property name="java.home" value="D:\develop\jdk-11.0.1"/>
    <property name="file.separator" value="\"/>
    <property name="basedir" value="D:\project\java_workspace\im"/>
    <property name="java.vm.compressedOopsMode" value="Zero based"/>
    <property name="line.separator" value="&#10;"/>
    <property name="java.specification.name" value="Java Platform API Specification"/>
    <property name="java.vm.specification.vendor" value="Oracle Corporation"/>
    <property name="java.awt.graphicsenv" value="sun.awt.Win32GraphicsEnvironment"/>
    <property name="surefire.real.class.path" value="C:\Users\ADMINI~1\AppData\Local\Temp\surefire2273598091725693574\surefirebooter7025012764022222987.jar"/>
    <property name="user.script" value=""/>
    <property name="sun.management.compiler" value="HotSpot 64-Bit Tiered Compilers"/>
    <property name="java.runtime.version" value="11.0.1+13-LTS"/>
    <property name="user.name" value="Administrator"/>
    <property name="path.separator" value=";"/>
    <property name="os.version" value="10.0"/>
    <property name="java.runtime.name" value="Java(TM) SE Runtime Environment"/>
    <property name="file.encoding" value="GBK"/>
    <property name="java.vm.name" value="Java HotSpot(TM) 64-Bit Server VM"/>
    <property name="java.vendor.version" value="18.9"/>
    <property name="localRepository" value="D:\develop\localRepository"/>
    <property name="java.vendor.url.bug" value="http://bugreport.java.com/bugreport/"/>
    <property name="java.io.tmpdir" value="C:\Users\ADMINI~1\AppData\Local\Temp\"/>
    <property name="java.version" value="11.0.1"/>
    <property name="user.dir" value="D:\project\java_workspace\im"/>
    <property name="os.arch" value="amd64"/>
    <property name="java.vm.specification.name" value="Java Virtual Machine Specification"/>
    <property name="java.awt.printerjob" value="sun.awt.windows.WPrinterJob"/>
    <property name="sun.os.patch.level" value=""/>
    <property name="java.library.path" value="D:\develop\jdk-11.0.1\bin;C:\windows\Sun\Java\bin;C:\windows\system32;C:\windows;D:/develop/jdk-11.0.1/bin/server;D:/develop/jdk-11.0.1/bin;C:\windows\system32;C:\windows;C:\windows\System32\Wbem;C:\windows\System32\WindowsPowerShell\v1.0\;C:\Program Files (x86)\NVIDIA Corporation\PhysX\Common;D:\Qt\Qt5.8.0\Tools\mingw64\bin;D:\Qt\Qt5.8.0\Tools\msys\1.0\bin;D:\develop\jdk-11.0.1\bin;D:\develop\jdk-11.0.1\jre\bin;D:\develop\mysql-8.0.13-winx64\bin;D:\develop\apache-maven-3.6.0\bin;C:\Users\Administrator\AppData\Local\Programs\Python\Python36\Scripts\;C:\Users\Administrator\AppData\Local\Programs\Python\Python36\;C:\Users\Administrator\AppData\Local\Microsoft\WindowsApps;;C:\Users\Administrator\AppData\Local\Programs\Fiddler;C:\Users\Administrator\Desktop;;."/>
    <property name="java.vendor" value="Oracle Corporation"/>
    <property name="java.vm.info" value="mixed mode"/>
    <property name="java.vm.version" value="11.0.1+13-LTS"/>
    <property name="sun.io.unicode.encoding" value="UnicodeLittle"/>
    <property name="java.class.version" value="55.0"/>
  </properties>
</testsuite>